<?xml version="1.0" encoding="UTF-8"?>
<testng-results skipped="0" failed="0" total="1" passed="1">
  <reporter-output>
  </reporter-output>
  <suite name="Default suite" duration-ms="92" started-at="2021-11-01T07:21:23Z" finished-at="2021-11-01T07:21:23Z">
    <groups>
    </groups>
    <test name="Default test" duration-ms="92" started-at="2021-11-01T07:21:23Z" finished-at="2021-11-01T07:21:23Z">
      <class name="org.emp.Employee">
        <test-method status="PASS" signature="sampleTest()[pri:0, instance:org.emp.Employee@39fb3ab6]" name="sampleTest" duration-ms="29" started-at="2021-11-01T12:51:23Z" finished-at="2021-11-01T12:51:23Z">
          <reporter-output>
          </reporter-output>
        </test-method> <!-- sampleTest -->
      </class> <!-- org.emp.Employee -->
    </test> <!-- Default test -->
  </suite> <!-- Default suite -->
</testng-results>
